CRITICAL - 2021-09-07 11:17:23 --> syntax error, unexpected '}', expecting end of file
#0 D:\xampp\htdocs\ci4_demo\system\Router\Router.php(169): CodeIgniter\Router\Router->autoRoute('student/getloca...')
#1 D:\xampp\htdocs\ci4_demo\system\CodeIgniter.php(809): CodeIgniter\Router\Router->handle('student/getloca...')
#2 D:\xampp\htdocs\ci4_demo\system\CodeIgniter.php(389): CodeIgniter\CodeIgniter->tryToRouteIt(Object(CodeIgniter\Router\RouteCollection))
#3 D:\xampp\htdocs\ci4_demo\system\CodeIgniter.php(336): CodeIgniter\CodeIgniter->handleRequest(NULL, Object(Config\Cache), false)
#4 D:\xampp\htdocs\ci4_demo\public\index.php(37): CodeIgniter\CodeIgniter->run()
#5 D:\xampp\htdocs\ci4_demo\system\Commands\Server\rewrite.php(45): require_once('D:\\xampp\\htdocs...')
#6 {main}
CRITICAL - 2021-09-07 11:17:27 --> Maximum execution time of 60 seconds exceeded
#0 [internal function]: CodeIgniter\Debug\Exceptions->shutdownHandler()
#1 {main}
CRITICAL - 2021-09-07 11:18:15 --> syntax error, unexpected '}', expecting end of file
#0 D:\xampp\htdocs\ci4_demo\system\Router\Router.php(169): CodeIgniter\Router\Router->autoRoute('student/getloca...')
#1 D:\xampp\htdocs\ci4_demo\system\CodeIgniter.php(809): CodeIgniter\Router\Router->handle('student/getloca...')
#2 D:\xampp\htdocs\ci4_demo\system\CodeIgniter.php(389): CodeIgniter\CodeIgniter->tryToRouteIt(Object(CodeIgniter\Router\RouteCollection))
#3 D:\xampp\htdocs\ci4_demo\system\CodeIgniter.php(336): CodeIgniter\CodeIgniter->handleRequest(NULL, Object(Config\Cache), false)
#4 D:\xampp\htdocs\ci4_demo\public\index.php(37): CodeIgniter\CodeIgniter->run()
#5 D:\xampp\htdocs\ci4_demo\system\Commands\Server\rewrite.php(45): require_once('D:\\xampp\\htdocs...')
#6 {main}
CRITICAL - 2021-09-07 11:22:13 --> Use of undefined constant json1 - assumed 'json1' (this will throw an Error in a future version of PHP)
#0 D:\xampp\htdocs\ci4_demo\app\Controllers\Student.php(33): CodeIgniter\Debug\Exceptions->errorHandler(2, 'Use of undefine...', 'D:\\xampp\\htdocs...', 33, Array)
#1 D:\xampp\htdocs\ci4_demo\app\Controllers\Student.php(14): App\Controllers\Student->get_longitude_latitude_from_adress('London+united+s...')
#2 D:\xampp\htdocs\ci4_demo\system\CodeIgniter.php(928): App\Controllers\Student->getlocation()
#3 D:\xampp\htdocs\ci4_demo\system\CodeIgniter.php(436): CodeIgniter\CodeIgniter->runController(Object(App\Controllers\Student))
#4 D:\xampp\htdocs\ci4_demo\system\CodeIgniter.php(336): CodeIgniter\CodeIgniter->handleRequest(NULL, Object(Config\Cache), false)
#5 D:\xampp\htdocs\ci4_demo\public\index.php(37): CodeIgniter\CodeIgniter->run()
#6 D:\xampp\htdocs\ci4_demo\system\Commands\Server\rewrite.php(45): require_once('D:\\xampp\\htdocs...')
#7 {main}
CRITICAL - 2021-09-07 11:22:17 --> Use of undefined constant json1 - assumed 'json1' (this will throw an Error in a future version of PHP)
#0 D:\xampp\htdocs\ci4_demo\app\Controllers\Student.php(33): CodeIgniter\Debug\Exceptions->errorHandler(2, 'Use of undefine...', 'D:\\xampp\\htdocs...', 33, Array)
#1 D:\xampp\htdocs\ci4_demo\app\Controllers\Student.php(14): App\Controllers\Student->get_longitude_latitude_from_adress('London+united+s...')
#2 D:\xampp\htdocs\ci4_demo\system\CodeIgniter.php(928): App\Controllers\Student->getlocation()
#3 D:\xampp\htdocs\ci4_demo\system\CodeIgniter.php(436): CodeIgniter\CodeIgniter->runController(Object(App\Controllers\Student))
#4 D:\xampp\htdocs\ci4_demo\system\CodeIgniter.php(336): CodeIgniter\CodeIgniter->handleRequest(NULL, Object(Config\Cache), false)
#5 D:\xampp\htdocs\ci4_demo\public\index.php(37): CodeIgniter\CodeIgniter->run()
#6 D:\xampp\htdocs\ci4_demo\system\Commands\Server\rewrite.php(45): require_once('D:\\xampp\\htdocs...')
#7 {main}
