CRITICAL - 2021-09-11 12:31:31 --> Invalid argument supplied for foreach()
#0 D:\xampp\htdocs\ci4_demo\app\Views\index.php(22): CodeIgniter\Debug\Exceptions->errorHandler(2, 'Invalid argumen...', 'D:\\xampp\\htdocs...', 22, Array)
#1 D:\xampp\htdocs\ci4_demo\system\View\View.php(230): include('D:\\xampp\\htdocs...')
#2 D:\xampp\htdocs\ci4_demo\system\View\View.php(232): CodeIgniter\View\View->CodeIgniter\View\{closure}()
#3 D:\xampp\htdocs\ci4_demo\system\Common.php(1271): CodeIgniter\View\View->render('index', Array, true)
#4 D:\xampp\htdocs\ci4_demo\app\Controllers\ChartController.php(16): view('index')
#5 D:\xampp\htdocs\ci4_demo\system\CodeIgniter.php(928): App\Controllers\ChartController->index()
#6 D:\xampp\htdocs\ci4_demo\system\CodeIgniter.php(436): CodeIgniter\CodeIgniter->runController(Object(App\Controllers\ChartController))
#7 D:\xampp\htdocs\ci4_demo\system\CodeIgniter.php(336): CodeIgniter\CodeIgniter->handleRequest(NULL, Object(Config\Cache), false)
#8 D:\xampp\htdocs\ci4_demo\public\index.php(37): CodeIgniter\CodeIgniter->run()
#9 D:\xampp\htdocs\ci4_demo\system\Commands\Server\rewrite.php(45): require_once('D:\\xampp\\htdocs...')
#10 {main}
CRITICAL - 2021-09-11 12:32:11 --> Invalid argument supplied for foreach()
#0 D:\xampp\htdocs\ci4_demo\app\Views\index.php(22): CodeIgniter\Debug\Exceptions->errorHandler(2, 'Invalid argumen...', 'D:\\xampp\\htdocs...', 22, Array)
#1 D:\xampp\htdocs\ci4_demo\system\View\View.php(230): include('D:\\xampp\\htdocs...')
#2 D:\xampp\htdocs\ci4_demo\system\View\View.php(232): CodeIgniter\View\View->CodeIgniter\View\{closure}()
#3 D:\xampp\htdocs\ci4_demo\system\Common.php(1271): CodeIgniter\View\View->render('index', Array, true)
#4 D:\xampp\htdocs\ci4_demo\app\Controllers\ChartController.php(16): view('index')
#5 D:\xampp\htdocs\ci4_demo\system\CodeIgniter.php(928): App\Controllers\ChartController->index()
#6 D:\xampp\htdocs\ci4_demo\system\CodeIgniter.php(436): CodeIgniter\CodeIgniter->runController(Object(App\Controllers\ChartController))
#7 D:\xampp\htdocs\ci4_demo\system\CodeIgniter.php(336): CodeIgniter\CodeIgniter->handleRequest(NULL, Object(Config\Cache), false)
#8 D:\xampp\htdocs\ci4_demo\public\index.php(37): CodeIgniter\CodeIgniter->run()
#9 D:\xampp\htdocs\ci4_demo\system\Commands\Server\rewrite.php(45): require_once('D:\\xampp\\htdocs...')
#10 {main}
CRITICAL - 2021-09-11 12:40:49 --> Invalid argument supplied for foreach()
#0 D:\xampp\htdocs\ci4_demo\app\Views\index.php(22): CodeIgniter\Debug\Exceptions->errorHandler(2, 'Invalid argumen...', 'D:\\xampp\\htdocs...', 22, Array)
#1 D:\xampp\htdocs\ci4_demo\system\View\View.php(230): include('D:\\xampp\\htdocs...')
#2 D:\xampp\htdocs\ci4_demo\system\View\View.php(232): CodeIgniter\View\View->CodeIgniter\View\{closure}()
#3 D:\xampp\htdocs\ci4_demo\system\Common.php(1271): CodeIgniter\View\View->render('index', Array, true)
#4 D:\xampp\htdocs\ci4_demo\app\Controllers\ChartController.php(16): view('index')
#5 D:\xampp\htdocs\ci4_demo\system\CodeIgniter.php(928): App\Controllers\ChartController->index()
#6 D:\xampp\htdocs\ci4_demo\system\CodeIgniter.php(436): CodeIgniter\CodeIgniter->runController(Object(App\Controllers\ChartController))
#7 D:\xampp\htdocs\ci4_demo\system\CodeIgniter.php(336): CodeIgniter\CodeIgniter->handleRequest(NULL, Object(Config\Cache), false)
#8 D:\xampp\htdocs\ci4_demo\public\index.php(37): CodeIgniter\CodeIgniter->run()
#9 D:\xampp\htdocs\ci4_demo\system\Commands\Server\rewrite.php(45): require_once('D:\\xampp\\htdocs...')
#10 {main}
CRITICAL - 2021-09-11 12:42:49 --> Invalid argument supplied for foreach()
#0 D:\xampp\htdocs\ci4_demo\app\Views\index.php(22): CodeIgniter\Debug\Exceptions->errorHandler(2, 'Invalid argumen...', 'D:\\xampp\\htdocs...', 22, Array)
#1 D:\xampp\htdocs\ci4_demo\system\View\View.php(230): include('D:\\xampp\\htdocs...')
#2 D:\xampp\htdocs\ci4_demo\system\View\View.php(232): CodeIgniter\View\View->CodeIgniter\View\{closure}()
#3 D:\xampp\htdocs\ci4_demo\system\Common.php(1271): CodeIgniter\View\View->render('index', Array, true)
#4 D:\xampp\htdocs\ci4_demo\app\Controllers\ChartController.php(16): view('index')
#5 D:\xampp\htdocs\ci4_demo\system\CodeIgniter.php(928): App\Controllers\ChartController->index()
#6 D:\xampp\htdocs\ci4_demo\system\CodeIgniter.php(436): CodeIgniter\CodeIgniter->runController(Object(App\Controllers\ChartController))
#7 D:\xampp\htdocs\ci4_demo\system\CodeIgniter.php(336): CodeIgniter\CodeIgniter->handleRequest(NULL, Object(Config\Cache), false)
#8 D:\xampp\htdocs\ci4_demo\public\index.php(37): CodeIgniter\CodeIgniter->run()
#9 D:\xampp\htdocs\ci4_demo\system\Commands\Server\rewrite.php(45): require_once('D:\\xampp\\htdocs...')
#10 {main}
CRITICAL - 2021-09-11 12:43:04 --> Invalid argument supplied for foreach()
#0 D:\xampp\htdocs\ci4_demo\app\Views\index.php(22): CodeIgniter\Debug\Exceptions->errorHandler(2, 'Invalid argumen...', 'D:\\xampp\\htdocs...', 22, Array)
#1 D:\xampp\htdocs\ci4_demo\system\View\View.php(230): include('D:\\xampp\\htdocs...')
#2 D:\xampp\htdocs\ci4_demo\system\View\View.php(232): CodeIgniter\View\View->CodeIgniter\View\{closure}()
#3 D:\xampp\htdocs\ci4_demo\system\Common.php(1271): CodeIgniter\View\View->render('index', Array, true)
#4 D:\xampp\htdocs\ci4_demo\app\Controllers\ChartController.php(16): view('index')
#5 D:\xampp\htdocs\ci4_demo\system\CodeIgniter.php(928): App\Controllers\ChartController->index()
#6 D:\xampp\htdocs\ci4_demo\system\CodeIgniter.php(436): CodeIgniter\CodeIgniter->runController(Object(App\Controllers\ChartController))
#7 D:\xampp\htdocs\ci4_demo\system\CodeIgniter.php(336): CodeIgniter\CodeIgniter->handleRequest(NULL, Object(Config\Cache), false)
#8 D:\xampp\htdocs\ci4_demo\public\index.php(37): CodeIgniter\CodeIgniter->run()
#9 D:\xampp\htdocs\ci4_demo\system\Commands\Server\rewrite.php(45): require_once('D:\\xampp\\htdocs...')
#10 {main}
CRITICAL - 2021-09-11 12:43:50 --> Invalid argument supplied for foreach()
#0 D:\xampp\htdocs\ci4_demo\app\Views\index.php(22): CodeIgniter\Debug\Exceptions->errorHandler(2, 'Invalid argumen...', 'D:\\xampp\\htdocs...', 22, Array)
#1 D:\xampp\htdocs\ci4_demo\system\View\View.php(230): include('D:\\xampp\\htdocs...')
#2 D:\xampp\htdocs\ci4_demo\system\View\View.php(232): CodeIgniter\View\View->CodeIgniter\View\{closure}()
#3 D:\xampp\htdocs\ci4_demo\system\Common.php(1271): CodeIgniter\View\View->render('index', Array, true)
#4 D:\xampp\htdocs\ci4_demo\app\Controllers\ChartController.php(16): view('index')
#5 D:\xampp\htdocs\ci4_demo\system\CodeIgniter.php(928): App\Controllers\ChartController->index()
#6 D:\xampp\htdocs\ci4_demo\system\CodeIgniter.php(436): CodeIgniter\CodeIgniter->runController(Object(App\Controllers\ChartController))
#7 D:\xampp\htdocs\ci4_demo\system\CodeIgniter.php(336): CodeIgniter\CodeIgniter->handleRequest(NULL, Object(Config\Cache), false)
#8 D:\xampp\htdocs\ci4_demo\public\index.php(37): CodeIgniter\CodeIgniter->run()
#9 D:\xampp\htdocs\ci4_demo\system\Commands\Server\rewrite.php(45): require_once('D:\\xampp\\htdocs...')
#10 {main}
CRITICAL - 2021-09-11 14:32:20 --> Invalid argument supplied for foreach()
#0 D:\xampp\htdocs\ci4_demo\app\Views\index.php(32): CodeIgniter\Debug\Exceptions->errorHandler(2, 'Invalid argumen...', 'D:\\xampp\\htdocs...', 32, Array)
#1 D:\xampp\htdocs\ci4_demo\system\View\View.php(230): include('D:\\xampp\\htdocs...')
#2 D:\xampp\htdocs\ci4_demo\system\View\View.php(232): CodeIgniter\View\View->CodeIgniter\View\{closure}()
#3 D:\xampp\htdocs\ci4_demo\system\Common.php(1271): CodeIgniter\View\View->render('index', Array, true)
#4 D:\xampp\htdocs\ci4_demo\app\Controllers\Chart.php(34): view('index', Array)
#5 D:\xampp\htdocs\ci4_demo\system\CodeIgniter.php(928): App\Controllers\Chart->index()
#6 D:\xampp\htdocs\ci4_demo\system\CodeIgniter.php(436): CodeIgniter\CodeIgniter->runController(Object(App\Controllers\Chart))
#7 D:\xampp\htdocs\ci4_demo\system\CodeIgniter.php(336): CodeIgniter\CodeIgniter->handleRequest(NULL, Object(Config\Cache), false)
#8 D:\xampp\htdocs\ci4_demo\public\index.php(37): CodeIgniter\CodeIgniter->run()
#9 D:\xampp\htdocs\ci4_demo\system\Commands\Server\rewrite.php(45): require_once('D:\\xampp\\htdocs...')
#10 {main}
CRITICAL - 2021-09-11 14:32:49 --> Call to undefined method CodeIgniter\Database\MySQLi\Builder::query()
#0 D:\xampp\htdocs\ci4_demo\system\CodeIgniter.php(928): App\Controllers\Chart->index()
#1 D:\xampp\htdocs\ci4_demo\system\CodeIgniter.php(436): CodeIgniter\CodeIgniter->runController(Object(App\Controllers\Chart))
#2 D:\xampp\htdocs\ci4_demo\system\CodeIgniter.php(336): CodeIgniter\CodeIgniter->handleRequest(NULL, Object(Config\Cache), false)
#3 D:\xampp\htdocs\ci4_demo\public\index.php(37): CodeIgniter\CodeIgniter->run()
#4 D:\xampp\htdocs\ci4_demo\system\Commands\Server\rewrite.php(45): require_once('D:\\xampp\\htdocs...')
#5 {main}
CRITICAL - 2021-09-11 14:34:43 --> Call to undefined method CodeIgniter\Database\MySQLi\Builder::query()
#0 D:\xampp\htdocs\ci4_demo\system\CodeIgniter.php(928): App\Controllers\Chart->index()
#1 D:\xampp\htdocs\ci4_demo\system\CodeIgniter.php(436): CodeIgniter\CodeIgniter->runController(Object(App\Controllers\Chart))
#2 D:\xampp\htdocs\ci4_demo\system\CodeIgniter.php(336): CodeIgniter\CodeIgniter->handleRequest(NULL, Object(Config\Cache), false)
#3 D:\xampp\htdocs\ci4_demo\public\index.php(37): CodeIgniter\CodeIgniter->run()
#4 D:\xampp\htdocs\ci4_demo\system\Commands\Server\rewrite.php(45): require_once('D:\\xampp\\htdocs...')
#5 {main}
CRITICAL - 2021-09-11 14:35:29 --> syntax error, unexpected '" . date('m') . "' (T_CONSTANT_ENCAPSED_STRING), expecting ')'
#0 D:\xampp\htdocs\ci4_demo\system\Router\Router.php(169): CodeIgniter\Router\Router->autoRoute('chart')
#1 D:\xampp\htdocs\ci4_demo\system\CodeIgniter.php(809): CodeIgniter\Router\Router->handle('chart')
#2 D:\xampp\htdocs\ci4_demo\system\CodeIgniter.php(389): CodeIgniter\CodeIgniter->tryToRouteIt(Object(CodeIgniter\Router\RouteCollection))
#3 D:\xampp\htdocs\ci4_demo\system\CodeIgniter.php(336): CodeIgniter\CodeIgniter->handleRequest(NULL, Object(Config\Cache), false)
#4 D:\xampp\htdocs\ci4_demo\public\index.php(37): CodeIgniter\CodeIgniter->run()
#5 D:\xampp\htdocs\ci4_demo\system\Commands\Server\rewrite.php(45): require_once('D:\\xampp\\htdocs...')
#6 {main}
CRITICAL - 2021-09-11 14:35:42 --> Call to undefined method CodeIgniter\Database\MySQLi\Builder::query()
#0 D:\xampp\htdocs\ci4_demo\system\CodeIgniter.php(928): App\Controllers\Chart->index()
#1 D:\xampp\htdocs\ci4_demo\system\CodeIgniter.php(436): CodeIgniter\CodeIgniter->runController(Object(App\Controllers\Chart))
#2 D:\xampp\htdocs\ci4_demo\system\CodeIgniter.php(336): CodeIgniter\CodeIgniter->handleRequest(NULL, Object(Config\Cache), false)
#3 D:\xampp\htdocs\ci4_demo\public\index.php(37): CodeIgniter\CodeIgniter->run()
#4 D:\xampp\htdocs\ci4_demo\system\Commands\Server\rewrite.php(45): require_once('D:\\xampp\\htdocs...')
#5 {main}
CRITICAL - 2021-09-11 14:37:31 --> Call to undefined method CodeIgniter\Database\MySQLi\Builder::query()
#0 D:\xampp\htdocs\ci4_demo\system\CodeIgniter.php(928): App\Controllers\Chart->index()
#1 D:\xampp\htdocs\ci4_demo\system\CodeIgniter.php(436): CodeIgniter\CodeIgniter->runController(Object(App\Controllers\Chart))
#2 D:\xampp\htdocs\ci4_demo\system\CodeIgniter.php(336): CodeIgniter\CodeIgniter->handleRequest(NULL, Object(Config\Cache), false)
#3 D:\xampp\htdocs\ci4_demo\public\index.php(37): CodeIgniter\CodeIgniter->run()
#4 D:\xampp\htdocs\ci4_demo\system\Commands\Server\rewrite.php(45): require_once('D:\\xampp\\htdocs...')
#5 {main}
CRITICAL - 2021-09-11 14:38:50 --> Call to a member function query() on null
#0 D:\xampp\htdocs\ci4_demo\system\CodeIgniter.php(928): App\Controllers\Chart->index()
#1 D:\xampp\htdocs\ci4_demo\system\CodeIgniter.php(436): CodeIgniter\CodeIgniter->runController(Object(App\Controllers\Chart))
#2 D:\xampp\htdocs\ci4_demo\system\CodeIgniter.php(336): CodeIgniter\CodeIgniter->handleRequest(NULL, Object(Config\Cache), false)
#3 D:\xampp\htdocs\ci4_demo\public\index.php(37): CodeIgniter\CodeIgniter->run()
#4 D:\xampp\htdocs\ci4_demo\system\Commands\Server\rewrite.php(45): require_once('D:\\xampp\\htdocs...')
#5 {main}
ERROR - 2021-09-11 14:41:14 --> You have an error in your SQL syntax; check the manual that corresponds to your MariaDB server version for the right syntax to use near 'SELECT COUNT(id) as count, DAY(created_at) as day_date
FROM `users`
WHERE MONTH(' at line 1
CRITICAL - 2021-09-11 14:41:14 --> Call to a member function getResult() on bool
#0 D:\xampp\htdocs\ci4_demo\system\CodeIgniter.php(928): App\Controllers\Chart->index()
#1 D:\xampp\htdocs\ci4_demo\system\CodeIgniter.php(436): CodeIgniter\CodeIgniter->runController(Object(App\Controllers\Chart))
#2 D:\xampp\htdocs\ci4_demo\system\CodeIgniter.php(336): CodeIgniter\CodeIgniter->handleRequest(NULL, Object(Config\Cache), false)
#3 D:\xampp\htdocs\ci4_demo\public\index.php(37): CodeIgniter\CodeIgniter->run()
#4 D:\xampp\htdocs\ci4_demo\system\Commands\Server\rewrite.php(45): require_once('D:\\xampp\\htdocs...')
#5 {main}
CRITICAL - 2021-09-11 14:44:38 --> Call to undefined method CodeIgniter\Database\MySQLi\Builder::query()
#0 D:\xampp\htdocs\ci4_demo\system\CodeIgniter.php(928): App\Controllers\Chart->index()
#1 D:\xampp\htdocs\ci4_demo\system\CodeIgniter.php(436): CodeIgniter\CodeIgniter->runController(Object(App\Controllers\Chart))
#2 D:\xampp\htdocs\ci4_demo\system\CodeIgniter.php(336): CodeIgniter\CodeIgniter->handleRequest(NULL, Object(Config\Cache), false)
#3 D:\xampp\htdocs\ci4_demo\public\index.php(37): CodeIgniter\CodeIgniter->run()
#4 D:\xampp\htdocs\ci4_demo\system\Commands\Server\rewrite.php(45): require_once('D:\\xampp\\htdocs...')
#5 {main}
CRITICAL - 2021-09-11 14:48:07 --> Call to undefined method CodeIgniter\Database\MySQLi\Builder::query()
#0 D:\xampp\htdocs\ci4_demo\system\CodeIgniter.php(928): App\Controllers\Chart->index()
#1 D:\xampp\htdocs\ci4_demo\system\CodeIgniter.php(436): CodeIgniter\CodeIgniter->runController(Object(App\Controllers\Chart))
#2 D:\xampp\htdocs\ci4_demo\system\CodeIgniter.php(336): CodeIgniter\CodeIgniter->handleRequest(NULL, Object(Config\Cache), false)
#3 D:\xampp\htdocs\ci4_demo\public\index.php(37): CodeIgniter\CodeIgniter->run()
#4 D:\xampp\htdocs\ci4_demo\system\Commands\Server\rewrite.php(45): require_once('D:\\xampp\\htdocs...')
#5 {main}
CRITICAL - 2021-09-11 14:51:54 --> Call to undefined method CodeIgniter\Database\MySQLi\Builder::query()
#0 D:\xampp\htdocs\ci4_demo\system\CodeIgniter.php(928): App\Controllers\Chart->index()
#1 D:\xampp\htdocs\ci4_demo\system\CodeIgniter.php(436): CodeIgniter\CodeIgniter->runController(Object(App\Controllers\Chart))
#2 D:\xampp\htdocs\ci4_demo\system\CodeIgniter.php(336): CodeIgniter\CodeIgniter->handleRequest(NULL, Object(Config\Cache), false)
#3 D:\xampp\htdocs\ci4_demo\public\index.php(37): CodeIgniter\CodeIgniter->run()
#4 D:\xampp\htdocs\ci4_demo\system\Commands\Server\rewrite.php(45): require_once('D:\\xampp\\htdocs...')
#5 {main}
CRITICAL - 2021-09-11 14:52:27 --> Call to undefined method CodeIgniter\Database\MySQLi\Builder::query()
#0 D:\xampp\htdocs\ci4_demo\system\CodeIgniter.php(928): App\Controllers\Chart->index()
#1 D:\xampp\htdocs\ci4_demo\system\CodeIgniter.php(436): CodeIgniter\CodeIgniter->runController(Object(App\Controllers\Chart))
#2 D:\xampp\htdocs\ci4_demo\system\CodeIgniter.php(336): CodeIgniter\CodeIgniter->handleRequest(NULL, Object(Config\Cache), false)
#3 D:\xampp\htdocs\ci4_demo\public\index.php(37): CodeIgniter\CodeIgniter->run()
#4 D:\xampp\htdocs\ci4_demo\system\Commands\Server\rewrite.php(45): require_once('D:\\xampp\\htdocs...')
#5 {main}
CRITICAL - 2021-09-11 14:59:37 --> Invalid argument supplied for foreach()
#0 D:\xampp\htdocs\ci4_demo\app\Views\index.php(36): CodeIgniter\Debug\Exceptions->errorHandler(2, 'Invalid argumen...', 'D:\\xampp\\htdocs...', 36, Array)
#1 D:\xampp\htdocs\ci4_demo\system\View\View.php(230): include('D:\\xampp\\htdocs...')
#2 D:\xampp\htdocs\ci4_demo\system\View\View.php(232): CodeIgniter\View\View->CodeIgniter\View\{closure}()
#3 D:\xampp\htdocs\ci4_demo\system\Common.php(1271): CodeIgniter\View\View->render('index', Array, true)
#4 D:\xampp\htdocs\ci4_demo\app\Controllers\Chart.php(33): view('index', Array)
#5 D:\xampp\htdocs\ci4_demo\system\CodeIgniter.php(928): App\Controllers\Chart->index()
#6 D:\xampp\htdocs\ci4_demo\system\CodeIgniter.php(436): CodeIgniter\CodeIgniter->runController(Object(App\Controllers\Chart))
#7 D:\xampp\htdocs\ci4_demo\system\CodeIgniter.php(336): CodeIgniter\CodeIgniter->handleRequest(NULL, Object(Config\Cache), false)
#8 D:\xampp\htdocs\ci4_demo\public\index.php(37): CodeIgniter\CodeIgniter->run()
#9 D:\xampp\htdocs\ci4_demo\system\Commands\Server\rewrite.php(45): require_once('D:\\xampp\\htdocs...')
#10 {main}
